[0.008s] Invoking command in '/ros2_ws/build/waver_motor_driver': CMAKE_PREFIX_PATH=/opt/ros/humble /usr/bin/cmake /ros2_ws/src/waver_motor_driver -DCMAKE_INSTALL_PREFIX=/ros2_ws/install/waver_motor_driver
[0.100s] -- The C compiler identification is GNU 11.4.0
[0.145s] -- The CXX compiler identification is GNU 11.4.0
[0.151s] -- Detecting C compiler ABI info
[0.182s] -- Detecting C compiler ABI info - done
[0.185s] -- Check for working C compiler: /usr/bin/cc - skipped
[0.185s] -- Detecting C compile features
[0.185s] -- Detecting C compile features - done
[0.187s] -- Detecting CXX compiler ABI info
[0.225s] -- Detecting CXX compiler ABI info - done
[0.227s] -- Check for working CXX compiler: /usr/bin/c++ - skipped
[0.228s] -- Detecting CXX compile features
[0.228s] -- Detecting CXX compile features - done
[0.232s] -- Found ament_cmake: 1.3.10 (/opt/ros/humble/share/ament_cmake/cmake)
[0.285s] -- Found Python3: /usr/bin/python3 (found version "3.10.12") found components: Interpreter 
[0.335s] -- Found rclcpp: 16.0.10 (/opt/ros/humble/share/rclcpp/cmake)
[0.363s] -- Found rosidl_generator_c: 3.1.5 (/opt/ros/humble/share/rosidl_generator_c/cmake)
[0.367s] -- Found rosidl_adapter: 3.1.5 (/opt/ros/humble/share/rosidl_adapter/cmake)
[0.375s] -- Found rosidl_generator_cpp: 3.1.5 (/opt/ros/humble/share/rosidl_generator_cpp/cmake)
[0.391s] -- Using all available rosidl_typesupport_c: rosidl_typesupport_fastrtps_c;rosidl_typesupport_introspection_c
[0.406s] -- Using all available rosidl_typesupport_cpp: rosidl_typesupport_fastrtps_cpp;rosidl_typesupport_introspection_cpp
[0.450s] -- Found rmw_implementation_cmake: 6.1.2 (/opt/ros/humble/share/rmw_implementation_cmake/cmake)
[0.452s] -- Found rmw_fastrtps_cpp: 6.2.7 (/opt/ros/humble/share/rmw_fastrtps_cpp/cmake)
[0.495s] -- Found OpenSSL: /usr/lib/aarch64-linux-gnu/libcrypto.so (found version "3.0.2")  
[0.502s] -- Found FastRTPS: /opt/ros/humble/include  
[0.513s] -- Using RMW implementation 'rmw_fastrtps_cpp' as default
[0.519s] -- Looking for pthread.h
[0.564s] -- Looking for pthread.h - found
[0.564s] -- Performing Test CMAKE_HAVE_LIBC_PTHREAD
[0.605s] -- Performing Test CMAKE_HAVE_LIBC_PTHREAD - Success
[0.605s] -- Found Threads: TRUE  
[0.638s] -- Found ament_lint_auto: 0.12.11 (/opt/ros/humble/share/ament_lint_auto/cmake)
[0.676s] -- Added test 'cppcheck' to perform static code analysis on C / C++ code
[0.676s] -- Configured cppcheck include dirs: 
[0.676s] -- Configured cppcheck exclude dirs and/or files: 
[0.676s] -- Added test 'lint_cmake' to check CMake code style
[0.677s] -- Added test 'uncrustify' to check C / C++ code style
[0.677s] -- Configured uncrustify additional arguments: 
[0.678s] -- Added test 'xmllint' to check XML markup files
[0.679s] -- Configuring done
[0.682s] -- Generating done
[0.682s] -- Build files have been written to: /ros2_ws/build/waver_motor_driver
[0.685s] Invoked command in '/ros2_ws/build/waver_motor_driver' returned '0': CMAKE_PREFIX_PATH=/opt/ros/humble /usr/bin/cmake /ros2_ws/src/waver_motor_driver -DCMAKE_INSTALL_PREFIX=/ros2_ws/install/waver_motor_driver
[0.686s] Invoking command in '/ros2_ws/build/waver_motor_driver': CMAKE_PREFIX_PATH=/opt/ros/humble /usr/bin/cmake --build /ros2_ws/build/waver_motor_driver -- -j2 -l2
[0.704s] [ 50%] [32mBuilding CXX object CMakeFiles/motor_controller_node.dir/src/motor_controller_node.cpp.o[0m
[0.892s] [01m[K/ros2_ws/src/waver_motor_driver/src/motor_controller_node.cpp:12:14:[m[K [01;31m[Kfatal error: [m[Ki2c/smbus.h: No such file or directory
[0.892s]    12 |     #include [01;31m[K<i2c/smbus.h>[m[K
[0.892s]       |              [01;31m[K^~~~~~~~~~~~~[m[K
[0.892s] compilation terminated.
[0.893s] gmake[2]: *** [CMakeFiles/motor_controller_node.dir/build.make:76: CMakeFiles/motor_controller_node.dir/src/motor_controller_node.cpp.o] Error 1
[0.893s] gmake[1]: *** [CMakeFiles/Makefile2:137: CMakeFiles/motor_controller_node.dir/all] Error 2
[0.893s] gmake: *** [Makefile:146: all] Error 2
[0.895s] Invoked command in '/ros2_ws/build/waver_motor_driver' returned '2': CMAKE_PREFIX_PATH=/opt/ros/humble /usr/bin/cmake --build /ros2_ws/build/waver_motor_driver -- -j2 -l2
